AUTOCREATE
2014-08-25T15:49:58+02:00 : 0|admin|login|index|[]
2014-08-25T15:50:01+02:00 : 0|admin|login|login|{"username":"admin","submit":"Login"}
2014-08-25T15:50:01+02:00 : 2|admin|index|index|[]
2014-08-25T15:50:03+02:00 : 2|admin|misc|available-languages|[]
2014-08-25T15:50:03+02:00 : 2|admin|misc|admin-css|[]
2014-08-25T15:50:04+02:00 : 2|admin|misc|json-translations-system|{"language":"en"}
2014-08-25T15:50:04+02:00 : 2|admin|user|get-image|[]
2014-08-25T15:50:04+02:00 : 2|admin|misc|json-translations-admin|{"language":"en"}
2014-08-25T15:50:04+02:00 : 2|admin|user|get-current-user|[]
2014-08-25T15:50:04+02:00 : 2|admin|misc|robohash|{"width":"46","height":"46","seed":"admin-pimcore-tutorial.dev"}
2014-08-25T15:50:14+02:00 : 2|admin|settings|get-available-sites|[]
2014-08-25T15:50:14+02:00 : 2|admin|document|doc-types|{"xaction":"read"}
2014-08-25T15:50:14+02:00 : 2|admin|document|tree-get-root|{"id":"1"}
2014-08-25T15:50:14+02:00 : 2|admin|class|get-tree|[]
2014-08-25T15:50:14+02:00 : 2|reports|targeting|persona-list|[]
2014-08-25T15:50:14+02:00 : 2|admin|settings|get-available-admin-languages|[]
2014-08-25T15:50:14+02:00 : 2|admin|portal|get-configuration|{"key":"welcome"}
2014-08-25T15:50:14+02:00 : 2|admin|document|tree-get-childs-by-id|{"limit":"50","start":"0","node":"1"}
2014-08-25T15:50:14+02:00 : 2|admin|portal|dashboard-list|[]
2014-08-25T15:50:14+02:00 : 2|admin|asset|tree-get-root|{"id":"1"}
2014-08-25T15:50:14+02:00 : 2|admin|object|tree-get-root|{"id":"1"}
2014-08-25T15:50:15+02:00 : 2|admin|portal|portlet-modified-documents|[]
2014-08-25T15:50:15+02:00 : 2|admin|portal|portlet-modification-statistics|[]
2014-08-25T15:50:15+02:00 : 2|admin|portal|portlet-modified-assets|[]
2014-08-25T15:50:15+02:00 : 2|admin|portal|portlet-modified-objects|[]
2014-08-25T15:50:15+02:00 : 2|admin|object|tree-get-childs-by-id|{"limit":"30","start":"0","node":"1"}
2014-08-25T15:50:15+02:00 : 2|admin|asset|tree-get-childs-by-id|{"limit":"50","start":"0","node":"1"}
2014-08-25T15:50:16+02:00 : 2|reports|custom-report|get-report-config|[]
2014-08-25T15:50:31+02:00 : 2|extensionmanager|admin|get-extensions|[]
2014-08-25T15:50:34+02:00 : 2|extensionmanager|admin|toggle-extension-state|{"method":"enable","id":"SEBasic","type":"plugin"}
2014-08-25T15:50:36+02:00 : 2|admin|index|index|[]
2014-08-25T15:50:38+02:00 : 2|admin|misc|json-translations-admin|{"language":"en"}
2014-08-25T15:50:38+02:00 : 2|admin|misc|admin-css|[]
2014-08-25T15:50:38+02:00 : 2|admin|misc|available-languages|[]
2014-08-25T15:50:38+02:00 : 2|admin|misc|json-translations-system|{"language":"en"}
2014-08-25T15:50:38+02:00 : 2|admin|user|get-current-user|[]
2014-08-25T15:50:39+02:00 : 2|admin|user|get-image|[]
2014-08-25T15:50:39+02:00 : 2|admin|settings|get-available-admin-languages|[]
2014-08-25T15:50:39+02:00 : 2|admin|document|tree-get-root|{"id":"1"}
2014-08-25T15:50:39+02:00 : 2|admin|document|doc-types|{"xaction":"read"}
2014-08-25T15:50:39+02:00 : 2|admin|class|get-tree|[]
2014-08-25T15:50:39+02:00 : 2|reports|targeting|persona-list|[]
2014-08-25T15:50:39+02:00 : 2|admin|settings|get-available-sites|[]
2014-08-25T15:50:40+02:00 : 2|admin|asset|tree-get-root|{"id":"1"}
2014-08-25T15:50:40+02:00 : 2|admin|document|tree-get-childs-by-id|{"limit":"50","start":"0","node":"1"}
2014-08-25T15:50:40+02:00 : 2|admin|misc|robohash|{"width":"46","height":"46","seed":"admin-pimcore-tutorial.dev"}
2014-08-25T15:50:40+02:00 : 2|admin|object|tree-get-root|{"id":"1"}
2014-08-25T15:50:40+02:00 : 2|admin|portal|dashboard-list|[]
2014-08-25T15:50:40+02:00 : 2|admin|asset|tree-get-childs-by-id|{"limit":"50","start":"0","node":"1"}
2014-08-25T15:50:40+02:00 : 2|admin|portal|get-configuration|{"key":"welcome"}
2014-08-25T15:50:40+02:00 : 2|reports|custom-report|get-report-config|[]
2014-08-25T15:50:40+02:00 : 2|admin|object|tree-get-childs-by-id|{"limit":"30","start":"0","node":"1"}
2014-08-25T15:50:41+02:00 : 2|admin|portal|portlet-modified-documents|[]
2014-08-25T15:50:41+02:00 : 2|admin|portal|portlet-modified-objects|[]
2014-08-25T15:50:41+02:00 : 2|admin|portal|portlet-modification-statistics|[]
2014-08-25T15:50:41+02:00 : 2|admin|portal|portlet-modified-assets|[]
2014-08-25T15:50:43+02:00 : 2|extensionmanager|admin|get-extensions|[]
2014-08-25T15:50:44+02:00 : 2|extensionmanager|admin|install|{"id":"SEBasic","type":"plugin"}
2014-08-25T15:50:47+02:00 : 2|admin|index|index|[]
2014-08-25T15:50:49+02:00 : 2|admin|misc|available-languages|[]
2014-08-25T15:50:49+02:00 : 2|admin|misc|admin-css|[]
2014-08-25T15:50:49+02:00 : 2|admin|misc|json-translations-admin|{"language":"en"}
2014-08-25T15:50:49+02:00 : 2|admin|user|get-current-user|[]
2014-08-25T15:50:49+02:00 : 2|admin|misc|json-translations-system|{"language":"en"}
2014-08-25T15:50:50+02:00 : 2|admin|user|get-image|[]
2014-08-25T15:50:50+02:00 : 2|admin|misc|robohash|{"width":"46","height":"46","seed":"admin-pimcore-tutorial.dev"}
2014-08-25T15:50:59+02:00 : 2|admin|class|get-tree|[]
2014-08-25T15:50:59+02:00 : 2|admin|settings|get-available-sites|[]
2014-08-25T15:50:59+02:00 : 2|admin|document|doc-types|{"xaction":"read"}
2014-08-25T15:50:59+02:00 : 2|admin|settings|get-available-admin-languages|[]
2014-08-25T15:50:59+02:00 : 2|reports|targeting|persona-list|[]
2014-08-25T15:50:59+02:00 : 2|admin|document|tree-get-root|{"id":"1"}
2014-08-25T15:50:59+02:00 : 2|admin|asset|tree-get-root|{"id":"1"}
2014-08-25T15:50:59+02:00 : 2|admin|object|tree-get-root|{"id":"1"}
2014-08-25T15:50:59+02:00 : 2|admin|portal|dashboard-list|[]
2014-08-25T15:51:00+02:00 : 2|admin|portal|get-configuration|{"key":"welcome"}
2014-08-25T15:51:00+02:00 : 2|admin|document|tree-get-childs-by-id|{"limit":"50","start":"0","node":"1"}
2014-08-25T15:51:00+02:00 : 2|admin|asset|tree-get-childs-by-id|{"limit":"50","start":"0","node":"1"}
2014-08-25T15:51:00+02:00 : 2|reports|custom-report|get-report-config|[]
2014-08-25T15:51:00+02:00 : 2|admin|object|tree-get-childs-by-id|{"limit":"30","start":"0","node":"1"}
2014-08-25T15:51:00+02:00 : 2|SEInternationalisation|index|tree-get-childs-by-id|{"limit":"50","start":"0","language":"nl","node":"1"}
2014-08-25T15:51:00+02:00 : 2|admin|portal|portlet-modification-statistics|[]
2014-08-25T15:51:00+02:00 : 2|admin|portal|portlet-modified-assets|[]
2014-08-25T15:51:00+02:00 : 2|admin|portal|portlet-modified-documents|[]
2014-08-25T15:51:00+02:00 : 2|admin|portal|portlet-modified-objects|[]
2014-08-25T15:51:01+02:00 : 2|SEInternationalisation|index|tree-get-childs-by-id|{"limit":"50","start":"0","language":"nl","node":"2"}
2014-08-25T15:51:01+02:00 : 2|SEInternationalisation|index|tree-get-childs-by-id|{"limit":"50","start":"0","language":"nl","node":"2"}
2014-08-25T15:51:01+02:00 : 2|SEInternationalisation|index|tree-get-childs-by-id|{"limit":"50","start":"0","language":"nl","total":"1","node":"1"}
2014-08-25T15:51:01+02:00 : 2|SEInternationalisation|index|tree-get-childs-by-id|{"limit":"50","start":"0","language":"nl","total":"1","node":"2"}
2014-08-25T15:51:05+02:00 : 2|SEBasic|index|get-config-form|[]
2014-08-25T15:51:07+02:00 : 2|SEBasic|index|add-home-page|[]
2014-08-25T15:51:08+02:00 : 2|SEInternationalisation|index|tree-get-childs-by-id|{"limit":"50","start":"0","language":"nl","total":"1","node":"1"}
2014-08-25T15:51:08+02:00 : 2|SEInternationalisation|index|tree-get-childs-by-id|{"limit":"50","start":"0","language":"nl","total":"1","node":"2"}
2014-08-25T15:51:08+02:00 : 2|SEInternationalisation|index|tree-get-childs-by-id|{"limit":"50","start":"0","language":"nl","total":"1","node":"3"}
2014-08-25T15:51:11+02:00 : 2|admin|page|get-data-by-id|{"id":"3"}
2014-08-25T15:51:14+02:00 : 2|admin|misc|json-translations-system|{"language":"en"}
2014-08-25T15:51:14+02:00 : 2|admin|misc|json-translations-admin|{"language":"en"}
2014-08-25T15:51:29+02:00 : 2|admin|translation|add-admin-translation-keys|{"keys":"[\"add language\",\"add user\",\"save config\"..."}
2014-08-25T15:51:59+02:00 : 2|admin|misc|ping|[]
2014-08-25T15:53:00+02:00 : 2|admin|misc|ping|[]
2014-08-25T15:53:59+02:00 : 2|admin|misc|ping|[]
2014-08-25T15:55:05+02:00 : 2|admin|misc|ping|[]
2014-08-25T15:55:59+02:00 : 2|admin|misc|ping|[]
2014-08-25T15:56:59+02:00 : 2|admin|misc|ping|[]
2014-08-25T15:57:59+02:00 : 2|admin|misc|ping|[]
2014-08-25T15:58:03+02:00 : 2|admin|page|get-data-by-id|{"id":"2"}
2014-08-25T15:58:06+02:00 : 2|admin|misc|get-available-templates|[]
2014-08-25T15:58:07+02:00 : 2|admin|misc|get-available-controllers|[]
2014-08-25T15:58:13+02:00 : 2|admin|page|get-data-by-id|{"id":"1"}
2014-08-25T15:58:59+02:00 : 2|admin|misc|ping|[]
2014-08-25T15:59:59+02:00 : 2|admin|misc|ping|[]
2014-08-25T16:00:59+02:00 : 2|admin|misc|ping|[]
2014-08-25T16:01:26+02:00 : 2|admin|index|index|[]
2014-08-25T16:01:28+02:00 : 2|admin|misc|json-translations-admin|{"language":"en"}
2014-08-25T16:01:28+02:00 : 2|admin|misc|json-translations-system|{"language":"en"}
2014-08-25T16:01:28+02:00 : 2|admin|misc|available-languages|[]
2014-08-25T16:01:28+02:00 : 2|admin|misc|admin-css|[]
2014-08-25T16:01:28+02:00 : 2|admin|user|get-current-user|[]
2014-08-25T16:01:28+02:00 : 2|admin|user|get-image|[]
2014-08-25T16:01:29+02:00 : 2|admin|document|tree-get-root|{"id":"1"}
2014-08-25T16:01:29+02:00 : 2|admin|settings|get-available-sites|[]
2014-08-25T16:01:29+02:00 : 2|admin|class|get-tree|[]
2014-08-25T16:01:29+02:00 : 2|reports|targeting|persona-list|[]
2014-08-25T16:01:29+02:00 : 2|admin|settings|get-available-admin-languages|[]
2014-08-25T16:01:29+02:00 : 2|admin|document|doc-types|{"xaction":"read"}
2014-08-25T16:01:30+02:00 : 2|admin|asset|tree-get-root|{"id":"1"}
2014-08-25T16:01:30+02:00 : 2|admin|object|tree-get-root|{"id":"1"}
2014-08-25T16:01:30+02:00 : 2|admin|document|tree-get-childs-by-id|{"limit":"50","start":"0","node":"1"}
2014-08-25T16:01:30+02:00 : 2|admin|portal|dashboard-list|[]
2014-08-25T16:01:30+02:00 : 2|admin|portal|get-configuration|{"key":"welcome"}
2014-08-25T16:01:30+02:00 : 2|admin|misc|robohash|{"width":"46","height":"46","seed":"admin-pimcore-tutorial.dev"}
2014-08-25T16:01:30+02:00 : 2|reports|custom-report|get-report-config|[]
2014-08-25T16:01:30+02:00 : 2|admin|asset|tree-get-childs-by-id|{"limit":"50","start":"0","node":"1"}
2014-08-25T16:01:30+02:00 : 2|admin|object|tree-get-childs-by-id|{"limit":"30","start":"0","node":"1"}
2014-08-25T16:01:30+02:00 : 2|SEInternationalisation|index|tree-get-childs-by-id|{"limit":"50","start":"0","language":"nl","node":"1"}
2014-08-25T16:01:31+02:00 : 2|admin|portal|portlet-modified-assets|[]
2014-08-25T16:01:31+02:00 : 2|admin|portal|portlet-modification-statistics|[]
2014-08-25T16:01:31+02:00 : 2|admin|portal|portlet-modified-documents|[]
2014-08-25T16:01:31+02:00 : 2|admin|portal|portlet-modified-objects|[]
2014-08-25T16:01:31+02:00 : 2|SEInternationalisation|index|tree-get-childs-by-id|{"limit":"50","start":"0","language":"nl","node":"2"}
2014-08-25T16:01:31+02:00 : 2|SEInternationalisation|index|tree-get-childs-by-id|{"limit":"50","start":"0","language":"nl","total":"1","node":"1"}
2014-08-25T16:01:31+02:00 : 2|admin|page|get-data-by-id|{"id":"1"}
2014-08-25T16:01:31+02:00 : 2|admin|page|get-data-by-id|{"id":"3"}
2014-08-25T16:01:31+02:00 : 2|admin|page|get-data-by-id|{"id":"2"}
2014-08-25T16:01:31+02:00 : 2|SEInternationalisation|index|tree-get-childs-by-id|{"limit":"50","start":"0","language":"nl","total":"1","node":"2"}
2014-08-25T16:01:32+02:00 : 2|SEInternationalisation|index|tree-get-childs-by-id|{"limit":"50","start":"0","language":"nl","total":"1","node":"3"}
2014-08-25T16:01:34+02:00 : 2|admin|misc|json-translations-system|{"language":"en"}
2014-08-25T16:01:34+02:00 : 2|admin|misc|json-translations-admin|{"language":"en"}
2014-08-25T16:02:29+02:00 : 2|admin|misc|ping|[]
2014-08-25T16:03:29+02:00 : 2|admin|misc|ping|[]
2014-08-25T16:04:29+02:00 : 2|admin|misc|ping|[]
2014-08-25T16:04:39+02:00 : 2|admin|page|save|{"task":"publish","id":"3","data":"{\"title\":{\"data\":\"1 2 3 test homepagina\"..."}
2014-08-25T16:04:39+02:00 : 2|admin|document|get-versions|{"id":"3"}
2014-08-25T16:04:49+02:00 : 2|admin|element|unlock-element|{"id":"2","type":"document"}
2014-08-25T16:04:49+02:00 : 2|admin|page|remove-from-session|{"id":"2"}
2014-08-25T16:04:50+02:00 : 2|admin|element|unlock-element|{"id":"3","type":"document"}
2014-08-25T16:04:50+02:00 : 2|admin|page|remove-from-session|{"id":"3"}
2014-08-25T16:05:29+02:00 : 2|admin|misc|ping|[]
2014-08-25T16:06:28+02:00 : 2|admin|misc|ping|[]
2014-08-25T16:07:28+02:00 : 2|admin|misc|ping|[]
2014-08-25T16:08:28+02:00 : 2|admin|misc|ping|[]
2014-08-25T16:09:28+02:00 : 2|admin|misc|ping|[]
2014-08-25T16:10:28+02:00 : 2|admin|misc|ping|[]
2014-08-25T16:11:28+02:00 : 2|admin|misc|ping|[]
2014-08-25T16:12:28+02:00 : 2|admin|misc|ping|[]
2014-08-25T16:13:28+02:00 : 2|admin|misc|ping|[]
2014-08-25T16:14:28+02:00 : 2|admin|misc|ping|[]
2014-08-25T16:15:28+02:00 : 2|admin|misc|ping|[]
2014-08-25T16:16:05+02:00 : 2|SEBasic|index|get-config-form|[]
2014-08-25T16:16:07+02:00 : 2|SEBasic|index|add-news-page|[]
2014-08-25T16:16:08+02:00 : 2|SEInternationalisation|index|tree-get-childs-by-id|{"limit":"50","start":"0","language":"nl","total":"1","node":"1"}
2014-08-25T16:16:09+02:00 : 2|SEInternationalisation|index|tree-get-childs-by-id|{"limit":"50","start":"0","language":"nl","total":"1","node":"2"}
2014-08-25T16:16:09+02:00 : 2|SEInternationalisation|index|tree-get-childs-by-id|{"limit":"50","start":"0","language":"nl","total":"1","node":"3"}
2014-08-25T16:16:09+02:00 : 2|SEInternationalisation|index|tree-get-childs-by-id|{"limit":"50","start":"0","language":"nl","total":"1","node":"4"}
2014-08-25T16:16:10+02:00 : 2|SEBasic|index|add-contact-page|[]
2014-08-25T16:16:10+02:00 : 2|SEInternationalisation|index|tree-get-childs-by-id|{"limit":"50","start":"0","language":"nl","total":"1","node":"1"}
2014-08-25T16:16:10+02:00 : 2|SEInternationalisation|index|tree-get-childs-by-id|{"limit":"50","start":"0","language":"nl","total":"1","node":"2"}
2014-08-25T16:16:11+02:00 : 2|SEInternationalisation|index|tree-get-childs-by-id|{"limit":"50","start":"0","language":"nl","total":"1","node":"5"}
2014-08-25T16:16:11+02:00 : 2|SEInternationalisation|index|tree-get-childs-by-id|{"limit":"50","start":"0","language":"nl","total":"1","node":"4"}
2014-08-25T16:16:11+02:00 : 2|SEInternationalisation|index|tree-get-childs-by-id|{"limit":"50","start":"0","language":"nl","total":"1","node":"3"}
2014-08-25T16:16:28+02:00 : 2|admin|misc|ping|[]
2014-08-25T16:16:28+02:00 : 2|admin|translation|add-admin-translation-keys|{"keys":"[\"add language\",\"add user\",\"save config\"..."}
2014-08-25T16:17:28+02:00 : 2|admin|misc|ping|[]
2014-08-25T16:18:28+02:00 : 2|admin|misc|ping|[]
2014-08-25T16:19:28+02:00 : 2|admin|misc|ping|[]
2014-08-25T16:20:28+02:00 : 2|admin|misc|ping|[]
2014-08-25T16:21:03+02:00 : 2|admin|page|get-data-by-id|{"id":"2"}
2014-08-25T16:21:28+02:00 : 2|admin|misc|ping|[]
2014-08-25T16:22:28+02:00 : 2|admin|misc|ping|[]
2014-08-25T16:23:28+02:00 : 2|admin|misc|ping|[]
2014-08-25T16:24:28+02:00 : 2|admin|misc|ping|[]
2014-08-25T16:25:28+02:00 : 2|admin|misc|ping|[]
2014-08-25T16:26:28+02:00 : 2|admin|misc|ping|[]
2014-08-25T16:27:29+02:00 : 2|admin|misc|ping|[]
2014-08-25T16:28:28+02:00 : 2|admin|misc|ping|[]
2014-08-26T14:48:54+02:00 : 0|admin|login|index|[]
2014-08-26T14:48:57+02:00 : 0|admin|login|login|{"username":"admin","submit":"Login"}
2014-08-26T14:48:57+02:00 : 2|admin|index|index|[]
2014-08-26T14:49:00+02:00 : 2|admin|user|get-current-user|[]
2014-08-26T14:49:00+02:00 : 2|admin|misc|available-languages|[]
2014-08-26T14:49:00+02:00 : 2|admin|user|get-image|[]
2014-08-26T14:49:00+02:00 : 2|admin|misc|admin-css|[]
2014-08-26T14:49:00+02:00 : 2|admin|misc|json-translations-system|{"language":"en"}
2014-08-26T14:49:00+02:00 : 2|admin|misc|json-translations-admin|{"language":"en"}
2014-08-26T14:49:01+02:00 : 2|admin|misc|robohash|{"width":"46","height":"46","seed":"admin-pimcore-tutorial.dev"}
2014-08-26T14:49:03+02:00 : 2|admin|class|get-tree|[]
2014-08-26T14:49:03+02:00 : 2|admin|document|tree-get-root|{"id":"1"}
2014-08-26T14:49:03+02:00 : 2|reports|targeting|persona-list|[]
2014-08-26T14:49:03+02:00 : 2|admin|settings|get-available-sites|[]
2014-08-26T14:49:03+02:00 : 2|admin|settings|get-available-admin-languages|[]
2014-08-26T14:49:03+02:00 : 2|admin|document|doc-types|{"xaction":"read"}
2014-08-26T14:49:04+02:00 : 2|admin|document|tree-get-childs-by-id|{"limit":"50","start":"0","node":"1"}
2014-08-26T14:49:04+02:00 : 2|admin|object|tree-get-root|{"id":"1"}
2014-08-26T14:49:04+02:00 : 2|admin|asset|tree-get-root|{"id":"1"}
2014-08-26T14:49:04+02:00 : 2|admin|portal|dashboard-list|[]
2014-08-26T14:49:04+02:00 : 2|admin|portal|get-configuration|{"key":"welcome"}
2014-08-26T14:49:04+02:00 : 2|SEInternationalisation|index|tree-get-childs-by-id|{"limit":"50","start":"0","language":"nl","total":"1","node":"1"}
2014-08-26T14:49:04+02:00 : 2|reports|custom-report|get-report-config|[]
2014-08-26T14:49:04+02:00 : 2|admin|asset|tree-get-childs-by-id|{"limit":"50","start":"0","node":"1"}
2014-08-26T14:49:04+02:00 : 2|admin|object|tree-get-childs-by-id|{"limit":"30","start":"0","node":"1"}
2014-08-26T14:49:04+02:00 : 2|admin|portal|portlet-modification-statistics|[]
2014-08-26T14:49:05+02:00 : 2|admin|portal|portlet-modified-assets|[]
2014-08-26T14:49:05+02:00 : 2|admin|portal|portlet-modified-objects|[]
2014-08-26T14:49:05+02:00 : 2|SEInternationalisation|index|tree-get-childs-by-id|{"limit":"50","start":"0","language":"nl","total":"1","node":"1"}
2014-08-26T14:49:05+02:00 : 2|admin|portal|portlet-modified-documents|[]
2014-08-26T14:49:05+02:00 : 2|SEInternationalisation|index|tree-get-childs-by-id|{"limit":"50","start":"0","language":"nl","total":"1","node":"2"}
2014-08-26T14:49:05+02:00 : 2|SEInternationalisation|index|tree-get-childs-by-id|{"limit":"50","start":"0","language":"nl","total":"1","node":"4"}
2014-08-26T14:49:05+02:00 : 2|SEInternationalisation|index|tree-get-childs-by-id|{"limit":"50","start":"0","language":"nl","total":"1","node":"3"}
2014-08-26T14:49:05+02:00 : 2|SEInternationalisation|index|tree-get-childs-by-id|{"limit":"50","start":"0","language":"nl","total":"1","node":"5"}
2014-08-26T14:49:33+02:00 : 2|admin|translation|add-admin-translation-keys|{"keys":"[\"news\"]"}
2014-08-26T14:49:36+02:00 : 2|admin|page|get-data-by-id|{"id":"3"}
2014-08-26T14:49:38+02:00 : 2|admin|misc|json-translations-system|{"language":"en"}
2014-08-26T14:49:38+02:00 : 2|admin|misc|json-translations-admin|{"language":"en"}
2014-08-26T14:50:03+02:00 : 2|admin|misc|ping|[]
2014-08-26T14:50:20+02:00 : 2|admin|page|get-data-by-id|{"id":"4"}
2014-08-26T14:50:21+02:00 : 2|admin|misc|json-translations-system|{"language":"en"}
2014-08-26T14:50:21+02:00 : 2|admin|misc|json-translations-admin|{"language":"en"}
2014-08-26T14:50:23+02:00 : 2|admin|page|get-data-by-id|{"id":"5"}
2014-08-26T14:50:25+02:00 : 2|admin|misc|json-translations-system|{"language":"en"}
2014-08-26T14:50:25+02:00 : 2|admin|misc|json-translations-admin|{"language":"en"}
2014-08-26T14:50:32+02:00 : 2|admin|document|get-required-by-dependencies|{"id":"5"}
2014-08-26T14:50:32+02:00 : 2|admin|document|get-requires-dependencies|{"id":"5"}
2014-08-26T14:51:03+02:00 : 2|admin|misc|ping|[]
2014-08-26T14:52:03+02:00 : 2|admin|misc|ping|[]
2014-08-26T14:53:03+02:00 : 2|admin|misc|ping|[]
2014-08-26T14:54:03+02:00 : 2|admin|misc|ping|[]
2014-08-26T14:55:03+02:00 : 2|admin|misc|ping|[]
2014-08-26T14:56:03+02:00 : 2|admin|misc|ping|[]
2014-08-26T14:57:03+02:00 : 2|admin|misc|ping|[]
2014-08-26T14:58:03+02:00 : 2|admin|misc|ping|[]
2014-08-26T14:59:03+02:00 : 2|admin|misc|ping|[]
2014-08-26T15:00:03+02:00 : 2|admin|misc|ping|[]
2014-08-26T15:01:03+02:00 : 2|admin|misc|ping|[]
2014-08-26T15:02:08+02:00 : 2|admin|misc|ping|[]
2014-08-26T15:03:08+02:00 : 2|admin|misc|ping|[]
2014-08-26T15:04:09+02:00 : 2|admin|misc|ping|[]
2014-08-26T15:05:10+02:00 : 2|admin|misc|ping|[]
2014-08-26T15:06:10+02:00 : 2|admin|misc|ping|[]
2014-08-26T15:07:12+02:00 : 2|admin|misc|ping|[]
2014-08-26T15:08:12+02:00 : 2|admin|misc|ping|[]
2014-08-26T15:09:03+02:00 : 2|admin|misc|ping|[]
2014-08-26T15:10:03+02:00 : 2|admin|misc|ping|[]
2014-08-26T15:11:03+02:00 : 2|admin|misc|ping|[]
2014-08-26T15:12:03+02:00 : 2|admin|misc|ping|[]
2014-08-26T15:13:03+02:00 : 2|admin|misc|ping|[]
2014-08-26T15:14:03+02:00 : 2|admin|misc|ping|[]
2014-08-26T15:15:03+02:00 : 2|admin|misc|ping|[]
2014-08-26T15:16:03+02:00 : 2|admin|misc|ping|[]
2014-08-26T15:17:03+02:00 : 2|admin|misc|ping|[]
2014-08-26T15:18:03+02:00 : 2|admin|misc|ping|[]
2014-08-26T15:19:03+02:00 : 2|admin|misc|ping|[]
2014-08-26T15:19:50+02:00 : 2|admin|page|get-data-by-id|{"id":"2"}
2014-08-26T15:20:03+02:00 : 2|admin|misc|ping|[]
2014-08-26T15:21:03+02:00 : 2|admin|misc|ping|[]
2014-08-26T15:22:03+02:00 : 2|admin|misc|ping|[]
2014-08-26T15:23:03+02:00 : 2|admin|misc|ping|[]
2014-08-26T15:24:11+02:00 : 2|admin|misc|ping|[]
2014-08-26T15:25:03+02:00 : 2|admin|misc|ping|[]
2014-08-26T15:26:02+02:00 : 2|admin|misc|ping|[]
2014-08-26T15:27:03+02:00 : 2|admin|misc|ping|[]
2014-08-26T15:28:03+02:00 : 2|admin|misc|ping|[]
2014-08-26T15:29:03+02:00 : 2|admin|misc|ping|[]
2014-08-26T15:30:03+02:00 : 2|admin|misc|ping|[]
2014-08-26T15:31:03+02:00 : 2|admin|misc|ping|[]
2014-08-26T15:32:03+02:00 : 2|admin|misc|ping|[]
2014-08-26T15:33:03+02:00 : 2|admin|misc|ping|[]
2014-08-26T15:34:03+02:00 : 2|admin|misc|ping|[]
2014-08-26T15:35:03+02:00 : 2|admin|misc|ping|[]
2014-08-26T15:36:11+02:00 : 2|admin|misc|ping|[]
2014-08-26T15:37:03+02:00 : 2|admin|misc|ping|[]
2014-08-26T15:38:08+02:00 : 2|admin|misc|ping|[]
2014-08-26T15:39:02+02:00 : 2|admin|misc|ping|[]
2014-08-26T15:40:03+02:00 : 2|admin|misc|ping|[]
2014-08-26T15:41:03+02:00 : 2|admin|misc|ping|[]
2014-08-26T15:42:05+02:00 : 2|admin|misc|ping|[]
2014-08-26T15:43:04+02:00 : 2|admin|misc|ping|[]
2014-08-26T15:44:10+02:00 : 2|admin|misc|ping|[]
2014-08-26T15:45:05+02:00 : 2|admin|misc|ping|[]
2014-08-26T15:46:04+02:00 : 2|admin|misc|ping|[]
2014-08-26T15:47:02+02:00 : 2|admin|misc|ping|[]
2014-08-26T15:48:03+02:00 : 2|admin|misc|ping|[]
2014-08-26T15:49:03+02:00 : 2|admin|misc|ping|[]
2014-08-26T15:50:03+02:00 : 2|admin|misc|ping|[]
2014-08-26T15:51:02+02:00 : 2|admin|misc|ping|[]
2014-08-26T15:52:05+02:00 : 2|admin|misc|ping|[]
2014-08-26T15:53:03+02:00 : 2|admin|misc|ping|[]
2014-08-26T15:54:03+02:00 : 2|admin|misc|ping|[]
2014-08-26T15:55:04+02:00 : 2|admin|misc|ping|[]
2014-08-26T15:56:07+02:00 : 2|admin|misc|ping|[]
2014-08-26T15:57:03+02:00 : 2|admin|misc|ping|[]
2014-08-26T15:58:07+02:00 : 2|admin|misc|ping|[]
2014-08-26T15:59:03+02:00 : 2|admin|misc|ping|[]
2014-08-26T16:00:02+02:00 : 2|admin|misc|ping|[]
2014-08-26T16:01:07+02:00 : 2|admin|misc|ping|[]
2014-08-26T16:02:11+02:00 : 2|admin|misc|ping|[]
2014-08-26T16:03:03+02:00 : 2|admin|misc|ping|[]
2014-08-26T16:04:05+02:00 : 2|admin|misc|ping|[]
2014-08-26T16:05:03+02:00 : 2|admin|misc|ping|[]
2014-08-26T16:06:03+02:00 : 2|admin|misc|ping|[]
2014-08-26T16:07:03+02:00 : 2|admin|misc|ping|[]
2014-08-26T16:08:04+02:00 : 2|admin|misc|ping|[]
2014-08-26T16:09:09+02:00 : 2|admin|misc|ping|[]
2014-08-26T16:10:06+02:00 : 2|admin|misc|ping|[]
2014-08-26T16:11:10+02:00 : 2|admin|misc|ping|[]
2014-08-26T16:12:03+02:00 : 2|admin|misc|ping|[]
2014-08-26T16:13:03+02:00 : 2|admin|misc|ping|[]
2014-08-26T16:14:06+02:00 : 2|admin|misc|ping|[]
2014-08-26T16:15:04+02:00 : 2|admin|misc|ping|[]
2014-08-26T16:16:05+02:00 : 2|admin|misc|ping|[]
2014-08-26T16:17:05+02:00 : 2|admin|misc|ping|[]
2014-08-26T16:18:03+02:00 : 2|admin|misc|ping|[]
2014-08-26T16:19:06+02:00 : 2|admin|misc|ping|[]
2014-08-26T16:20:05+02:00 : 2|admin|misc|ping|[]
2014-08-26T16:21:04+02:00 : 2|admin|misc|ping|[]
2014-08-26T16:22:05+02:00 : 2|admin|misc|ping|[]
2014-08-26T16:23:12+02:00 : 2|admin|misc|ping|[]
2014-08-26T16:24:02+02:00 : 2|admin|misc|ping|[]
2014-08-26T16:25:02+02:00 : 2|admin|misc|ping|[]
2014-08-26T16:26:04+02:00 : 2|admin|misc|ping|[]
2014-08-26T16:27:07+02:00 : 2|admin|misc|ping|[]
2014-08-26T16:28:03+02:00 : 2|admin|misc|ping|[]
2014-08-29T08:44:05+02:00 : 0|admin|login|index|[]
2014-08-29T08:44:09+02:00 : 0|admin|login|login|{"username":"admin","submit":"Login"}
2014-08-29T08:44:09+02:00 : 2|admin|index|index|[]
2014-08-29T08:44:11+02:00 : 2|admin|user|get-image|[]
2014-08-29T08:44:11+02:00 : 2|admin|misc|json-translations-system|{"language":"en"}
2014-08-29T08:44:11+02:00 : 2|admin|misc|available-languages|[]
2014-08-29T08:44:11+02:00 : 2|admin|misc|json-translations-admin|{"language":"en"}
2014-08-29T08:44:12+02:00 : 2|admin|misc|admin-css|[]
2014-08-29T08:44:12+02:00 : 2|admin|user|get-current-user|[]
2014-08-29T08:44:12+02:00 : 2|admin|misc|robohash|{"width":"46","height":"46","seed":"admin-pimcore-tutorial.dev"}
2014-08-29T08:44:14+02:00 : 2|reports|targeting|persona-list|[]
2014-08-29T08:44:14+02:00 : 2|admin|settings|get-available-admin-languages|[]
2014-08-29T08:44:14+02:00 : 2|admin|settings|get-available-sites|[]
2014-08-29T08:44:15+02:00 : 2|admin|document|doc-types|{"xaction":"read"}
2014-08-29T08:44:15+02:00 : 2|admin|document|tree-get-root|{"id":"1"}
2014-08-29T08:44:15+02:00 : 2|admin|class|get-tree|[]
2014-08-29T08:44:15+02:00 : 2|admin|asset|tree-get-root|{"id":"1"}
2014-08-29T08:44:15+02:00 : 2|admin|object|tree-get-root|{"id":"1"}
2014-08-29T08:44:15+02:00 : 2|admin|portal|dashboard-list|[]
2014-08-29T08:44:15+02:00 : 2|admin|portal|get-configuration|{"key":"welcome"}
2014-08-29T08:44:15+02:00 : 2|admin|document|tree-get-childs-by-id|{"limit":"50","start":"0","node":"1"}
2014-08-29T08:44:16+02:00 : 2|admin|portal|portlet-modification-statistics|[]
2014-08-29T08:44:16+02:00 : 2|admin|asset|tree-get-childs-by-id|{"limit":"50","start":"0","node":"1"}
2014-08-29T08:44:16+02:00 : 2|reports|custom-report|get-report-config|[]
2014-08-29T08:44:16+02:00 : 2|admin|portal|portlet-modified-assets|[]
2014-08-29T08:44:16+02:00 : 2|admin|object|tree-get-childs-by-id|{"limit":"30","start":"0","node":"1"}
2014-08-29T08:44:16+02:00 : 2|SEInternationalisation|index|tree-get-childs-by-id|{"limit":"50","start":"0","language":"nl","node":"1"}
2014-08-29T08:44:16+02:00 : 2|admin|portal|portlet-modified-documents|[]
2014-08-29T08:44:17+02:00 : 2|admin|portal|portlet-modified-objects|[]
2014-08-29T08:44:17+02:00 : 2|SEInternationalisation|index|tree-get-childs-by-id|{"limit":"50","start":"0","language":"nl","node":"2"}
2014-08-29T08:44:17+02:00 : 2|SEInternationalisation|index|tree-get-childs-by-id|{"limit":"50","start":"0","language":"nl","total":"1","node":"1"}
2014-08-29T08:44:17+02:00 : 2|SEInternationalisation|index|tree-get-childs-by-id|{"limit":"50","start":"0","language":"nl","total":"1","node":"2"}
2014-08-29T08:44:17+02:00 : 2|SEInternationalisation|index|tree-get-childs-by-id|{"limit":"50","start":"0","language":"nl","total":"1","node":"5"}
2014-08-29T08:44:17+02:00 : 2|SEInternationalisation|index|tree-get-childs-by-id|{"limit":"50","start":"0","language":"nl","total":"1","node":"3"}
2014-08-29T08:44:17+02:00 : 2|SEInternationalisation|index|tree-get-childs-by-id|{"limit":"50","start":"0","language":"nl","total":"1","node":"4"}
2014-08-29T08:44:43+02:00 : 2|admin|translation|add-admin-translation-keys|{"keys":"[\"news\"]"}
2014-08-29T08:45:13+02:00 : 2|admin|misc|ping|[]
2014-08-29T08:46:13+02:00 : 2|admin|misc|ping|[]
2014-08-29T08:47:13+02:00 : 2|admin|misc|ping|[]
2014-08-29T08:48:13+02:00 : 2|admin|misc|ping|[]
2014-08-29T08:49:13+02:00 : 2|admin|misc|ping|[]
2014-08-29T08:50:13+02:00 : 2|admin|misc|ping|[]
2014-08-29T08:51:28+02:00 : 2|admin|misc|ping|[]
2014-08-29T08:52:13+02:00 : 2|admin|misc|ping|[]
2014-08-29T08:53:13+02:00 : 2|admin|misc|ping|[]
2014-08-29T08:54:13+02:00 : 2|admin|misc|ping|[]
2014-08-29T08:55:13+02:00 : 2|admin|misc|ping|[]
2014-08-29T08:56:22+02:00 : 2|admin|misc|ping|[]
2014-08-29T08:57:14+02:00 : 2|admin|misc|ping|[]
2014-08-29T08:58:16+02:00 : 2|admin|misc|ping|[]
2014-08-29T08:59:22+02:00 : 2|admin|misc|ping|[]
2014-08-29T09:00:14+02:00 : 2|admin|misc|ping|[]
2014-08-29T09:01:16+02:00 : 2|admin|misc|ping|[]
2014-08-29T09:02:23+02:00 : 2|admin|misc|ping|[]
2014-08-29T09:03:22+02:00 : 2|admin|misc|ping|[]
2014-08-29T09:04:13+02:00 : 2|admin|misc|ping|[]
2014-08-29T09:05:14+02:00 : 2|admin|misc|ping|[]
2014-08-29T09:06:15+02:00 : 2|admin|misc|ping|[]
2014-08-29T09:07:23+02:00 : 2|admin|misc|ping|[]
2014-08-29T09:08:14+02:00 : 2|admin|misc|ping|[]
2014-08-29T09:09:16+02:00 : 2|admin|misc|ping|[]
2014-08-29T09:10:18+02:00 : 2|admin|misc|ping|[]
2014-08-29T09:11:14+02:00 : 2|admin|misc|ping|[]
2014-08-29T09:12:13+02:00 : 2|admin|misc|ping|[]
2014-08-29T09:13:13+02:00 : 2|admin|misc|ping|[]
2014-08-29T09:14:13+02:00 : 2|admin|misc|ping|[]
2014-08-29T09:15:13+02:00 : 2|admin|misc|ping|[]
2014-08-29T09:16:12+02:00 : 2|admin|misc|ping|[]
2014-08-29T09:17:13+02:00 : 2|admin|misc|ping|[]
2014-08-29T09:18:18+02:00 : 2|admin|misc|ping|[]
2014-08-29T09:19:13+02:00 : 2|admin|misc|ping|[]
2014-08-29T09:20:13+02:00 : 2|admin|misc|ping|[]
2014-08-29T09:21:13+02:00 : 2|admin|misc|ping|[]
2014-08-29T09:22:15+02:00 : 2|admin|misc|ping|[]
2014-08-29T09:23:13+02:00 : 2|admin|misc|ping|[]
